2023-08-15 00:00:32\t302\tGET /oauth2/authorization/google HTTP/1.1\tMozilla/5.0 (Macintosh; Intel Mac OS X 10_15_7) AppleWebKit/605.1.15 (KHTML, like Gecko) Version/16.6 Safari/605.1.15\t-\t0:0:0:0:0:0:0:1\t-
2023-08-15 00:00:36\t302\tGET /login/oauth2/code/google?state=qRkBVI_LuVoZCvQuuflk3n0MBZ1uTh2ib7of8kTbzhQ%3D&code=4%2F0Adeu5BWFhyGVFZOxeRaVQGJLvf6pSWZ6EDYbymhXV9cvcxBS0Ui38GteReQSrtM-S3gUTQ&scope=email+profile+https%3A%2F%2Fwww.googleapis.com%2Fauth%2Fuserinfo.profile+https%3A%2F%2Fwww.googleapis.com%2Fauth%2Fuserinfo.email+openid&authuser=0&prompt=consent HTTP/1.1\tMozilla/5.0 (Macintosh; Intel Mac OS X 10_15_7) AppleWebKit/605.1.15 (KHTML, like Gecko) Version/16.6 Safari/605.1.15\t-\t0:0:0:0:0:0:0:1\t-
2023-08-15 00:00:48\t200\tGET /api/room?room_id=1 HTTP/1.1\tPostmanRuntime/7.32.2\t-\t0:0:0:0:0:0:0:1\t101
2023-08-15 00:08:58\t302\tGET /oauth2/authorization/google HTTP/1.1\tMozilla/5.0 (Macintosh; Intel Mac OS X 10_15_7) AppleWebKit/605.1.15 (KHTML, like Gecko) Version/16.6 Safari/605.1.15\t-\t0:0:0:0:0:0:0:1\t-
2023-08-15 00:09:02\t302\tGET /login/oauth2/code/google?state=R3IQdFmIwdBX5o25z1U965wasH1LLcLwWW00aM91n1k%3D&code=4%2F0Adeu5BV3d-KspasD4BJUnVYt0XUQUL4rJx4DkMZ0uhRSjCLnvuVbFR1iW3iniLRrVqvg2w&scope=email+profile+https%3A%2F%2Fwww.googleapis.com%2Fauth%2Fuserinfo.profile+https%3A%2F%2Fwww.googleapis.com%2Fauth%2Fuserinfo.email+openid&authuser=0&prompt=consent HTTP/1.1\tMozilla/5.0 (Macintosh; Intel Mac OS X 10_15_7) AppleWebKit/605.1.15 (KHTML, like Gecko) Version/16.6 Safari/605.1.15\t-\t0:0:0:0:0:0:0:1\t-
2023-08-15 00:09:10\t200\tGET /api/room?room_id=1 HTTP/1.1\tPostmanRuntime/7.32.2\t-\t0:0:0:0:0:0:0:1\t101
2023-08-15 00:10:43\t302\tGET /oauth2/authorization/google HTTP/1.1\tMozilla/5.0 (Macintosh; Intel Mac OS X 10_15_7) AppleWebKit/605.1.15 (KHTML, like Gecko) Version/16.6 Safari/605.1.15\t-\t0:0:0:0:0:0:0:1\t-
2023-08-15 00:10:47\t302\tGET /login/oauth2/code/google?state=uFUIqLGW7QAMXLlIPAjBJAWGKlBLmpmoggWQrwhCmQ0%3D&code=4%2F0Adeu5BWq1wWx9wx4O5WMiGPCj1MPU-M0AtNxn0AypRD130uKNVJCuD22oO31DjkQwjbHvQ&scope=email+profile+https%3A%2F%2Fwww.googleapis.com%2Fauth%2Fuserinfo.profile+https%3A%2F%2Fwww.googleapis.com%2Fauth%2Fuserinfo.email+openid&authuser=0&prompt=consent HTTP/1.1\tMozilla/5.0 (Macintosh; Intel Mac OS X 10_15_7) AppleWebKit/605.1.15 (KHTML, like Gecko) Version/16.6 Safari/605.1.15\t-\t0:0:0:0:0:0:0:1\t-
2023-08-15 00:11:00\t302\tGET /oauth2/authorization/google HTTP/1.1\tMozilla/5.0 (Macintosh; Intel Mac OS X 10_15_7) AppleWebKit/605.1.15 (KHTML, like Gecko) Version/16.6 Safari/605.1.15\t-\t0:0:0:0:0:0:0:1\t-
2023-08-15 00:11:03\t302\tGET /login/oauth2/code/google?state=w1QrQNmnZq_-7ywQzTVIXIUS7t2MyvZZP0E2nnpBVxc%3D&code=4%2F0Adeu5BVwrTizAbukupO7Ohm3OTDTJIfysfE1j9Y3UbwOAFZSQ-f4_SIi7cFL_B9wQPgIrw&scope=email+profile+https%3A%2F%2Fwww.googleapis.com%2Fauth%2Fuserinfo.profile+https%3A%2F%2Fwww.googleapis.com%2Fauth%2Fuserinfo.email+openid&authuser=0&prompt=consent HTTP/1.1\tMozilla/5.0 (Macintosh; Intel Mac OS X 10_15_7) AppleWebKit/605.1.15 (KHTML, like Gecko) Version/16.6 Safari/605.1.15\t-\t0:0:0:0:0:0:0:1\t-
2023-08-15 00:11:13\t200\tGET /api/room?room_id=1 HTTP/1.1\tPostmanRuntime/7.32.2\t-\t0:0:0:0:0:0:0:1\t101
2023-08-15 00:14:03\t302\tGET /oauth2/authorization/google HTTP/1.1\tMozilla/5.0 (Macintosh; Intel Mac OS X 10_15_7) AppleWebKit/605.1.15 (KHTML, like Gecko) Version/16.6 Safari/605.1.15\t-\t0:0:0:0:0:0:0:1\t-
2023-08-15 00:14:07\t302\tGET /login/oauth2/code/google?state=5tBWf4ZV8IIaGCd1chdT37zxoxJcF8mmkRZb-IUVOdQ%3D&code=4%2F0Adeu5BVuLQj8iVEH0Hn-aPgwDTJ580eIGdOff7j-254r1reVCgWYgbjVh3QIEoW8AzeyjA&scope=email+profile+https%3A%2F%2Fwww.googleapis.com%2Fauth%2Fuserinfo.profile+https%3A%2F%2Fwww.googleapis.com%2Fauth%2Fuserinfo.email+openid&authuser=0&prompt=consent HTTP/1.1\tMozilla/5.0 (Macintosh; Intel Mac OS X 10_15_7) AppleWebKit/605.1.15 (KHTML, like Gecko) Version/16.6 Safari/605.1.15\t-\t0:0:0:0:0:0:0:1\t-
2023-08-15 00:14:15\t200\tGET /api/room?room_id=1 HTTP/1.1\tPostmanRuntime/7.32.2\t-\t0:0:0:0:0:0:0:1\t101
2023-08-15 00:16:30\t302\tGET /oauth2/authorization/google HTTP/1.1\tMozilla/5.0 (Macintosh; Intel Mac OS X 10_15_7) AppleWebKit/605.1.15 (KHTML, like Gecko) Version/16.6 Safari/605.1.15\t-\t0:0:0:0:0:0:0:1\t-
2023-08-15 00:16:34\t302\tGET /login/oauth2/code/google?state=ne40UYllLr66n9LH_PYYqJu3YnE5kWw8ILDf5E5v8Ao%3D&code=4%2F0Adeu5BXZ55HTMmpUWTMfBkJ4_iGYNq2kcjILFRqyrT5h1ahaNlCYCrRcXpJsCVgkDPoOUA&scope=email+profile+https%3A%2F%2Fwww.googleapis.com%2Fauth%2Fuserinfo.profile+https%3A%2F%2Fwww.googleapis.com%2Fauth%2Fuserinfo.email+openid&authuser=0&prompt=consent HTTP/1.1\tMozilla/5.0 (Macintosh; Intel Mac OS X 10_15_7) AppleWebKit/605.1.15 (KHTML, like Gecko) Version/16.6 Safari/605.1.15\t-\t0:0:0:0:0:0:0:1\t-
2023-08-15 00:16:40\t200\tGET /api/room?room_id=1 HTTP/1.1\tPostmanRuntime/7.32.2\t-\t0:0:0:0:0:0:0:1\t101
2023-08-15 00:22:33\t302\tGET /oauth2/authorization/google HTTP/1.1\tMozilla/5.0 (Macintosh; Intel Mac OS X 10_15_7) AppleWebKit/605.1.15 (KHTML, like Gecko) Version/16.6 Safari/605.1.15\t-\t0:0:0:0:0:0:0:1\t-
2023-08-15 00:22:36\t302\tGET /login/oauth2/code/google?state=R7v0FHuHYrmzrhzCKhs1fDrH4GsI1rIQAHRnDKH1tAE%3D&code=4%2F0Adeu5BX4PyUwMY84-IEhZPePV6UTP6lrAukBLi8sTr_7IgLXlr4ZUw-KPorhltTh4s_bnw&scope=email+profile+https%3A%2F%2Fwww.googleapis.com%2Fauth%2Fuserinfo.profile+https%3A%2F%2Fwww.googleapis.com%2Fauth%2Fuserinfo.email+openid&authuser=0&prompt=consent HTTP/1.1\tMozilla/5.0 (Macintosh; Intel Mac OS X 10_15_7) AppleWebKit/605.1.15 (KHTML, like Gecko) Version/16.6 Safari/605.1.15\t-\t0:0:0:0:0:0:0:1\t-
2023-08-15 00:22:44\t200\tGET /api/room?room_id=1 HTTP/1.1\tPostmanRuntime/7.32.2\t-\t0:0:0:0:0:0:0:1\t101
2023-08-15 00:27:57\t302\tGET /oauth2/authorization/google HTTP/1.1\tMozilla/5.0 (Macintosh; Intel Mac OS X 10_15_7) AppleWebKit/605.1.15 (KHTML, like Gecko) Version/16.6 Safari/605.1.15\t-\t0:0:0:0:0:0:0:1\t-
2023-08-15 00:28:00\t302\tGET /login/oauth2/code/google?state=Eg62pmWP5BY-aMkDuofkr8qsD-TyrNNn0H6OUOv_YcA%3D&code=4%2F0Adeu5BW0-MAAhFbSTUaaY7SRl9EEgGrFF_uXkMQaVBFY9lWUzlcD_z5xfkzHYBCdUGy2PA&scope=email+profile+https%3A%2F%2Fwww.googleapis.com%2Fauth%2Fuserinfo.profile+https%3A%2F%2Fwww.googleapis.com%2Fauth%2Fuserinfo.email+openid&authuser=0&prompt=consent HTTP/1.1\tMozilla/5.0 (Macintosh; Intel Mac OS X 10_15_7) AppleWebKit/605.1.15 (KHTML, like Gecko) Version/16.6 Safari/605.1.15\t-\t0:0:0:0:0:0:0:1\t-
2023-08-15 00:28:08\t200\tGET /api/room?room_id=1 HTTP/1.1\tPostmanRuntime/7.32.2\t-\t0:0:0:0:0:0:0:1\t101
2023-08-15 00:33:41\t302\tGET /oauth2/authorization/google HTTP/1.1\tMozilla/5.0 (Macintosh; Intel Mac OS X 10_15_7) AppleWebKit/605.1.15 (KHTML, like Gecko) Version/16.6 Safari/605.1.15\t-\t0:0:0:0:0:0:0:1\t-
2023-08-15 00:33:45\t302\tGET /login/oauth2/code/google?state=0nzzL6HJtTvUGWeFKgho1fuqgnmolTnA_ZhWtmUdy-Q%3D&code=4%2F0Adeu5BU2D81HTgc7pM5T8YaE3kAkiQfX9ORnc6VVf1JPaCnu65JuFhYXz5p54393nywFOg&scope=email+profile+https%3A%2F%2Fwww.googleapis.com%2Fauth%2Fuserinfo.profile+https%3A%2F%2Fwww.googleapis.com%2Fauth%2Fuserinfo.email+openid&authuser=0&prompt=consent HTTP/1.1\tMozilla/5.0 (Macintosh; Intel Mac OS X 10_15_7) AppleWebKit/605.1.15 (KHTML, like Gecko) Version/16.6 Safari/605.1.15\t-\t0:0:0:0:0:0:0:1\t-
2023-08-15 00:33:51\t200\tGET /api/room?room_id=1 HTTP/1.1\tPostmanRuntime/7.32.2\t-\t0:0:0:0:0:0:0:1\t101
2023-08-15 00:34:13\t302\tGET /oauth2/authorization/google HTTP/1.1\tMozilla/5.0 (Macintosh; Intel Mac OS X 10_15_7) AppleWebKit/605.1.15 (KHTML, like Gecko) Version/16.6 Safari/605.1.15\t-\t0:0:0:0:0:0:0:1\t-
2023-08-15 00:34:16\t302\tGET /login/oauth2/code/google?state=1ZWtQ27DLSNMfQCixJGXP4hi8WvjZ7rfC2MZCHMXUSE%3D&code=4%2F0Adeu5BXLNw6NeOaxEcbnkce6LWtZ8Cwz2PZ09jslJ7iZjtnuh5_yGckFrX0pJlCd0pBf4A&scope=email+profile+https%3A%2F%2Fwww.googleapis.com%2Fauth%2Fuserinfo.profile+https%3A%2F%2Fwww.googleapis.com%2Fauth%2Fuserinfo.email+openid&authuser=0&prompt=consent HTTP/1.1\tMozilla/5.0 (Macintosh; Intel Mac OS X 10_15_7) AppleWebKit/605.1.15 (KHTML, like Gecko) Version/16.6 Safari/605.1.15\t-\t0:0:0:0:0:0:0:1\t-
2023-08-15 00:34:25\t200\tGET /api/room?room_id=1 HTTP/1.1\tPostmanRuntime/7.32.2\t-\t0:0:0:0:0:0:0:1\t101
2023-08-15 00:34:52\t302\tGET /oauth2/authorization/google HTTP/1.1\tMozilla/5.0 (Macintosh; Intel Mac OS X 10_15_7) AppleWebKit/605.1.15 (KHTML, like Gecko) Version/16.6 Safari/605.1.15\t-\t0:0:0:0:0:0:0:1\t-
2023-08-15 00:34:56\t302\tGET /login/oauth2/code/google?state=YfE9QfeT0KBP2wCdqmR25HHa235unxWs5qK7p8tqMAg%3D&code=4%2F0Adeu5BUj-DAJqZ4EKe06kVetVY-dWq3dP1qGafxdxmEqLJXGX8CWWpdhvF4PvbhBIyTkWQ&scope=email+profile+https%3A%2F%2Fwww.googleapis.com%2Fauth%2Fuserinfo.profile+https%3A%2F%2Fwww.googleapis.com%2Fauth%2Fuserinfo.email+openid&authuser=0&prompt=consent HTTP/1.1\tMozilla/5.0 (Macintosh; Intel Mac OS X 10_15_7) AppleWebKit/605.1.15 (KHTML, like Gecko) Version/16.6 Safari/605.1.15\t-\t0:0:0:0:0:0:0:1\t-
2023-08-15 00:35:01\t200\tGET /api/room?room_id=1 HTTP/1.1\tPostmanRuntime/7.32.2\t-\t0:0:0:0:0:0:0:1\t101
2023-08-15 00:38:55\t302\tGET /oauth2/authorization/google HTTP/1.1\tMozilla/5.0 (Macintosh; Intel Mac OS X 10_15_7) AppleWebKit/605.1.15 (KHTML, like Gecko) Version/16.6 Safari/605.1.15\t-\t0:0:0:0:0:0:0:1\t-
2023-08-15 00:38:58\t302\tGET /login/oauth2/code/google?state=j7FCm2dlfOdIT7v0RzB99OMNfHdakpZH-iWqGQh5EDM%3D&code=4%2F0Adeu5BWYFaievTah5hzowHCbWXDdqzbu5ndiHdx1ZimRiK89BsuiZ7iUb09groTlbZ4Ppg&scope=email+profile+https%3A%2F%2Fwww.googleapis.com%2Fauth%2Fuserinfo.profile+https%3A%2F%2Fwww.googleapis.com%2Fauth%2Fuserinfo.email+openid&authuser=0&prompt=consent HTTP/1.1\tMozilla/5.0 (Macintosh; Intel Mac OS X 10_15_7) AppleWebKit/605.1.15 (KHTML, like Gecko) Version/16.6 Safari/605.1.15\t-\t0:0:0:0:0:0:0:1\t-
2023-08-15 00:39:03\t200\tGET /api/room?room_id=1 HTTP/1.1\tPostmanRuntime/7.32.2\t-\t0:0:0:0:0:0:0:1\t89
2023-08-15 00:39:19\t200\tGET /api/room?room_id= HTTP/1.1\tPostmanRuntime/7.32.2\t-\t0:0:0:0:0:0:0:1\t101
2023-08-15 00:39:47\t302\tGET /oauth2/authorization/google HTTP/1.1\tMozilla/5.0 (Macintosh; Intel Mac OS X 10_15_7) AppleWebKit/605.1.15 (KHTML, like Gecko) Version/16.6 Safari/605.1.15\t-\t0:0:0:0:0:0:0:1\t-
2023-08-15 00:39:50\t302\tGET /login/oauth2/code/google?state=C-emrc_P5WbmnMBiuU8jGy1T3XXDDE1BZ6lNPrN8QgY%3D&code=4%2F0Adeu5BVgBYOkLfZnTK9lBycItvYQ7hN_mXNJ0hOVx5vPklXh52syV7sNKKdfrnj33kM4JQ&scope=email+profile+https%3A%2F%2Fwww.googleapis.com%2Fauth%2Fuserinfo.profile+https%3A%2F%2Fwww.googleapis.com%2Fauth%2Fuserinfo.email+openid&authuser=0&prompt=consent HTTP/1.1\tMozilla/5.0 (Macintosh; Intel Mac OS X 10_15_7) AppleWebKit/605.1.15 (KHTML, like Gecko) Version/16.6 Safari/605.1.15\t-\t0:0:0:0:0:0:0:1\t-
2023-08-15 00:39:57\t200\tGET /api/room?room_id= HTTP/1.1\tPostmanRuntime/7.32.2\t-\t0:0:0:0:0:0:0:1\t101
2023-08-15 00:41:26\t302\tGET /oauth2/authorization/google HTTP/1.1\tMozilla/5.0 (Macintosh; Intel Mac OS X 10_15_7) AppleWebKit/605.1.15 (KHTML, like Gecko) Version/16.6 Safari/605.1.15\t-\t0:0:0:0:0:0:0:1\t-
2023-08-15 00:41:29\t302\tGET /login/oauth2/code/google?state=2Wn34mYMJnV6OPqxUMK2Xq-tRWUbCh3lo2TQ423t8_M%3D&code=4%2F0Adeu5BWMHATcchm8_lNB_7yD_aUR6pyBTVmEYFuNH7_7dGEb7QrVUFXFfnFvu_mT2s42sQ&scope=email+profile+https%3A%2F%2Fwww.googleapis.com%2Fauth%2Fuserinfo.profile+https%3A%2F%2Fwww.googleapis.com%2Fauth%2Fuserinfo.email+openid&authuser=0&prompt=consent HTTP/1.1\tMozilla/5.0 (Macintosh; Intel Mac OS X 10_15_7) AppleWebKit/605.1.15 (KHTML, like Gecko) Version/16.6 Safari/605.1.15\t-\t0:0:0:0:0:0:0:1\t-
2023-08-15 00:41:35\t200\tGET /api/room?room_id= HTTP/1.1\tPostmanRuntime/7.32.2\t-\t0:0:0:0:0:0:0:1\t89
2023-08-15 00:42:36\t302\tGET /oauth2/authorization/google HTTP/1.1\tMozilla/5.0 (Macintosh; Intel Mac OS X 10_15_7) AppleWebKit/605.1.15 (KHTML, like Gecko) Version/16.6 Safari/605.1.15\t-\t0:0:0:0:0:0:0:1\t-
2023-08-15 00:42:39\t302\tGET /login/oauth2/code/google?state=mfWt60UYHB2UDr7Q-wmeCf8Y_tWxC5RgwsfSrcdspz8%3D&code=4%2F0Adeu5BXwmC2bIXfGYffBb42olJW91wyd_MDV0Ok4fhCldwNnmZcCOR0ubRv275ifo9AUTA&scope=email+profile+https%3A%2F%2Fwww.googleapis.com%2Fauth%2Fuserinfo.profile+https%3A%2F%2Fwww.googleapis.com%2Fauth%2Fuserinfo.email+openid&authuser=0&prompt=consent HTTP/1.1\tMozilla/5.0 (Macintosh; Intel Mac OS X 10_15_7) AppleWebKit/605.1.15 (KHTML, like Gecko) Version/16.6 Safari/605.1.15\t-\t0:0:0:0:0:0:0:1\t-
2023-08-15 00:42:47\t200\tGET /api/room?room_id= HTTP/1.1\tPostmanRuntime/7.32.2\t-\t0:0:0:0:0:0:0:1\t89
2023-08-15 00:42:55\t200\tGET /api/room?room_id=1 HTTP/1.1\tPostmanRuntime/7.32.2\t-\t0:0:0:0:0:0:0:1\t89
2023-08-15 00:43:00\t200\tGET /api/room?room_id=1 HTTP/1.1\tPostmanRuntime/7.32.2\t-\t0:0:0:0:0:0:0:1\t89
2023-08-15 00:44:35\t302\tGET /oauth2/authorization/google HTTP/1.1\tMozilla/5.0 (Macintosh; Intel Mac OS X 10_15_7) AppleWebKit/605.1.15 (KHTML, like Gecko) Version/16.6 Safari/605.1.15\t-\t0:0:0:0:0:0:0:1\t-
2023-08-15 00:44:38\t302\tGET /login/oauth2/code/google?state=Lqcfcbd5Kwdznx2ggaSTUSlVOJvWG4xDixPX4jSk8c0%3D&code=4%2F0Adeu5BX8LWCmLcJRM7mPkuZB3pRbZd7boy3Agu8YOvDbO-3GUcyl4XCrpWdokgbwIrNMjw&scope=email+profile+https%3A%2F%2Fwww.googleapis.com%2Fauth%2Fuserinfo.profile+https%3A%2F%2Fwww.googleapis.com%2Fauth%2Fuserinfo.email+openid&authuser=0&prompt=consent HTTP/1.1\tMozilla/5.0 (Macintosh; Intel Mac OS X 10_15_7) AppleWebKit/605.1.15 (KHTML, like Gecko) Version/16.6 Safari/605.1.15\t-\t0:0:0:0:0:0:0:1\t-
2023-08-15 00:44:44\t200\tGET /api/room?room_id=1 HTTP/1.1\tPostmanRuntime/7.32.2\t-\t0:0:0:0:0:0:0:1\t89
2023-08-15 00:45:42\t302\tGET /oauth2/authorization/google HTTP/1.1\tMozilla/5.0 (Macintosh; Intel Mac OS X 10_15_7) AppleWebKit/605.1.15 (KHTML, like Gecko) Version/16.6 Safari/605.1.15\t-\t0:0:0:0:0:0:0:1\t-
2023-08-15 00:45:45\t302\tGET /login/oauth2/code/google?state=yyM9w3LoxmawA77FICuT7yI7FGk01RC9YGj80V0E4oI%3D&code=4%2F0Adeu5BUYQJQskoww0vyYIuSbXQy3PXNmO_ivchHBZbrKwab3C0H_Xg0rX4qmNy_VpeFa_A&scope=email+profile+https%3A%2F%2Fwww.googleapis.com%2Fauth%2Fuserinfo.profile+https%3A%2F%2Fwww.googleapis.com%2Fauth%2Fuserinfo.email+openid&authuser=0&prompt=consent HTTP/1.1\tMozilla/5.0 (Macintosh; Intel Mac OS X 10_15_7) AppleWebKit/605.1.15 (KHTML, like Gecko) Version/16.6 Safari/605.1.15\t-\t0:0:0:0:0:0:0:1\t-
2023-08-15 00:45:50\t200\tGET /api/room?room_id=1 HTTP/1.1\tPostmanRuntime/7.32.2\t-\t0:0:0:0:0:0:0:1\t89
2023-08-15 01:01:48\t302\tGET /oauth2/authorization/google HTTP/1.1\tMozilla/5.0 (Macintosh; Intel Mac OS X 10_15_7) AppleWebKit/605.1.15 (KHTML, like Gecko) Version/16.6 Safari/605.1.15\t-\t0:0:0:0:0:0:0:1\t-
2023-08-15 01:01:51\t302\tGET /login/oauth2/code/google?state=HCskACHXlTgmoaMeRZA2NQGVNqAwXg6UFaxdYhNQ2lw%3D&code=4%2F0Adeu5BVdx0Wd6mn_R9MzrnT5SCeCPmkScdQANvMl5iH9Y-wyimiCDy8EB4Q1y0KuSrm2fg&scope=email+profile+https%3A%2F%2Fwww.googleapis.com%2Fauth%2Fuserinfo.profile+https%3A%2F%2Fwww.googleapis.com%2Fauth%2Fuserinfo.email+openid&authuser=0&prompt=consent HTTP/1.1\tMozilla/5.0 (Macintosh; Intel Mac OS X 10_15_7) AppleWebKit/605.1.15 (KHTML, like Gecko) Version/16.6 Safari/605.1.15\t-\t0:0:0:0:0:0:0:1\t-
2023-08-15 01:02:00\t200\tGET /api/room?room_id=1 HTTP/1.1\tPostmanRuntime/7.32.2\t-\t0:0:0:0:0:0:0:1\t89
2023-08-15 01:02:03\t200\tGET /api/room?room_id= HTTP/1.1\tPostmanRuntime/7.32.2\t-\t0:0:0:0:0:0:0:1\t89
2023-08-15 01:02:07\t200\tGET /api/room?room_id= HTTP/1.1\tPostmanRuntime/7.32.2\t-\t0:0:0:0:0:0:0:1\t89
2023-08-15 01:02:13\t200\tGET /api/room?room_id=null HTTP/1.1\tPostmanRuntime/7.32.2\t-\t0:0:0:0:0:0:0:1\t101
2023-08-15 01:04:23\t302\tGET /oauth2/authorization/google HTTP/1.1\tMozilla/5.0 (Macintosh; Intel Mac OS X 10_15_7) AppleWebKit/605.1.15 (KHTML, like Gecko) Version/16.6 Safari/605.1.15\t-\t0:0:0:0:0:0:0:1\t-
2023-08-15 01:04:27\t302\tGET /login/oauth2/code/google?state=Ng_5NRNQVUbiBFju6vOYWOzHqBjoewtu5eAwDGcLSNU%3D&code=4%2F0Adeu5BUcR0d2RnUnInPIbi1r1pEsb4MsXN2EliW2LX94vx0GjX27Y9ny2CODkSY0Ldt3mg&scope=email+profile+https%3A%2F%2Fwww.googleapis.com%2Fauth%2Fuserinfo.profile+https%3A%2F%2Fwww.googleapis.com%2Fauth%2Fuserinfo.email+openid&authuser=0&prompt=consent HTTP/1.1\tMozilla/5.0 (Macintosh; Intel Mac OS X 10_15_7) AppleWebKit/605.1.15 (KHTML, like Gecko) Version/16.6 Safari/605.1.15\t-\t0:0:0:0:0:0:0:1\t-
2023-08-15 01:04:47\t200\tGET /api/room?room_id=null HTTP/1.1\tPostmanRuntime/7.32.2\t-\t0:0:0:0:0:0:0:1\t89
2023-08-15 01:04:51\t200\tGET /api/room?room_id=1 HTTP/1.1\tPostmanRuntime/7.32.2\t-\t0:0:0:0:0:0:0:1\t89
2023-08-15 01:04:56\t200\tGET /api/room?room_id=1 HTTP/1.1\tPostmanRuntime/7.32.2\t-\t0:0:0:0:0:0:0:1\t89
2023-08-15 01:05:34\t302\tGET /oauth2/authorization/google HTTP/1.1\tMozilla/5.0 (Macintosh; Intel Mac OS X 10_15_7) AppleWebKit/605.1.15 (KHTML, like Gecko) Version/16.6 Safari/605.1.15\t-\t0:0:0:0:0:0:0:1\t-
2023-08-15 01:05:36\t302\tGET /login/oauth2/code/google?state=WoKt3_cJ72GmIOTkGJxQnUFGyV4l4ysNRCNHSz6TliQ%3D&code=4%2F0Adeu5BVbOvPdVjkN_3WiNJH-O9EFWD3JHU_Gqi2CVgqAa0WZ8yJY718pR90I92QgJk-J_w&scope=email+profile+https%3A%2F%2Fwww.googleapis.com%2Fauth%2Fuserinfo.profile+https%3A%2F%2Fwww.googleapis.com%2Fauth%2Fuserinfo.email+openid&authuser=0&prompt=consent HTTP/1.1\tMozilla/5.0 (Macintosh; Intel Mac OS X 10_15_7) AppleWebKit/605.1.15 (KHTML, like Gecko) Version/16.6 Safari/605.1.15\t-\t0:0:0:0:0:0:0:1\t-
2023-08-15 01:05:46\t200\tGET /api/room?room_id=1 HTTP/1.1\tPostmanRuntime/7.32.2\t-\t0:0:0:0:0:0:0:1\t89
2023-08-15 01:08:21\t302\tGET /oauth2/authorization/google HTTP/1.1\tMozilla/5.0 (Macintosh; Intel Mac OS X 10_15_7) AppleWebKit/605.1.15 (KHTML, like Gecko) Version/16.6 Safari/605.1.15\t-\t0:0:0:0:0:0:0:1\t-
2023-08-15 01:08:33\t302\tGET /login/oauth2/code/google?state=BqJMoXV4M10IFhGKUDusEgeV7bXN4x80qN8JWemRB74%3D&code=4%2F0Adeu5BWXwQUYUjJFWgNicghia9oRFXq-8hD0FNibRTHykY9tRStEDiqbegD9Ajq4ImeRoQ&scope=email+profile+https%3A%2F%2Fwww.googleapis.com%2Fauth%2Fuserinfo.profile+https%3A%2F%2Fwww.googleapis.com%2Fauth%2Fuserinfo.email+openid&authuser=0&prompt=consent HTTP/1.1\tMozilla/5.0 (Macintosh; Intel Mac OS X 10_15_7) AppleWebKit/605.1.15 (KHTML, like Gecko) Version/16.6 Safari/605.1.15\t-\t0:0:0:0:0:0:0:1\t-
2023-08-15 01:08:42\t200\tGET /api/room?room_id=1 HTTP/1.1\tPostmanRuntime/7.32.2\t-\t0:0:0:0:0:0:0:1\t89
2023-08-15 01:08:55\t200\tGET /api/room?room_id=1 HTTP/1.1\tPostmanRuntime/7.32.2\t-\t0:0:0:0:0:0:0:1\t89
2023-08-15 01:09:03\t200\tGET /api/room?room_id= HTTP/1.1\tPostmanRuntime/7.32.2\t-\t0:0:0:0:0:0:0:1\t89
2023-08-15 01:09:08\t200\tGET /api/room?room_id=2 HTTP/1.1\tPostmanRuntime/7.32.2\t-\t0:0:0:0:0:0:0:1\t89
2023-08-15 01:11:45\t302\tGET /oauth2/authorization/google HTTP/1.1\tMozilla/5.0 (Macintosh; Intel Mac OS X 10_15_7) AppleWebKit/605.1.15 (KHTML, like Gecko) Version/16.6 Safari/605.1.15\t-\t0:0:0:0:0:0:0:1\t-
2023-08-15 01:11:48\t302\tGET /login/oauth2/code/google?state=9f0Q1STqV5etycSb34VcKyJVzRvab-Q3C3vai_9QDBs%3D&code=4%2F0Adeu5BXcoXNS5v0SYDeAVszp_p09twOs-Q-2kWYg9ArZ_eWzDtsqHbVOnLiu3dFAQLDJRw&scope=email+profile+https%3A%2F%2Fwww.googleapis.com%2Fauth%2Fuserinfo.profile+https%3A%2F%2Fwww.googleapis.com%2Fauth%2Fuserinfo.email+openid&authuser=0&prompt=consent HTTP/1.1\tMozilla/5.0 (Macintosh; Intel Mac OS X 10_15_7) AppleWebKit/605.1.15 (KHTML, like Gecko) Version/16.6 Safari/605.1.15\t-\t0:0:0:0:0:0:0:1\t-
2023-08-15 01:11:56\t200\tGET /api/room?room_id=2 HTTP/1.1\tPostmanRuntime/7.32.2\t-\t0:0:0:0:0:0:0:1\t89
2023-08-15 01:21:26\t302\tGET /oauth2/authorization/google HTTP/1.1\tMozilla/5.0 (Macintosh; Intel Mac OS X 10_15_7) AppleWebKit/605.1.15 (KHTML, like Gecko) Version/16.6 Safari/605.1.15\t-\t0:0:0:0:0:0:0:1\t-
2023-08-15 01:21:29\t302\tGET /login/oauth2/code/google?state=CWcPq0e4dzU2Za9cBzz-5rnlTAZNsE6lS6QvIdhJr7E%3D&code=4%2F0Adeu5BXHTIs7m9KJshHueWy-GdZ7saC8fcwOdfoOQvB8CxHS8G0dYgXHC_9vcNioDPW_KQ&scope=email+profile+https%3A%2F%2Fwww.googleapis.com%2Fauth%2Fuserinfo.profile+https%3A%2F%2Fwww.googleapis.com%2Fauth%2Fuserinfo.email+openid&authuser=0&prompt=consent HTTP/1.1\tMozilla/5.0 (Macintosh; Intel Mac OS X 10_15_7) AppleWebKit/605.1.15 (KHTML, like Gecko) Version/16.6 Safari/605.1.15\t-\t0:0:0:0:0:0:0:1\t-
2023-08-15 01:21:37\t200\tGET /api/room?room_id=2 HTTP/1.1\tPostmanRuntime/7.32.2\t-\t0:0:0:0:0:0:0:1\t89
2023-08-15 01:22:04\t302\tGET /oauth2/authorization/google HTTP/1.1\tMozilla/5.0 (Macintosh; Intel Mac OS X 10_15_7) AppleWebKit/605.1.15 (KHTML, like Gecko) Version/16.6 Safari/605.1.15\t-\t0:0:0:0:0:0:0:1\t-
2023-08-15 01:22:08\t302\tGET /login/oauth2/code/google?state=1JI2JD9fkSUEM-_2w9MjAuT9GC0qpFXqOL4bjm8BVFA%3D&code=4%2F0Adeu5BWF5TlYnOmrzJZ9euHa1gHuOFg-R8dV0iZ5C6eDE9yEFknEBggDsQXggp79eitoyQ&scope=email+profile+https%3A%2F%2Fwww.googleapis.com%2Fauth%2Fuserinfo.profile+https%3A%2F%2Fwww.googleapis.com%2Fauth%2Fuserinfo.email+openid&authuser=0&prompt=consent HTTP/1.1\tMozilla/5.0 (Macintosh; Intel Mac OS X 10_15_7) AppleWebKit/605.1.15 (KHTML, like Gecko) Version/16.6 Safari/605.1.15\t-\t0:0:0:0:0:0:0:1\t-
2023-08-15 01:22:13\t200\tGET /api/room?room_id=2 HTTP/1.1\tPostmanRuntime/7.32.2\t-\t0:0:0:0:0:0:0:1\t89
2023-08-15 01:22:51\t302\tGET /oauth2/authorization/google HTTP/1.1\tMozilla/5.0 (Macintosh; Intel Mac OS X 10_15_7) AppleWebKit/605.1.15 (KHTML, like Gecko) Version/16.6 Safari/605.1.15\t-\t0:0:0:0:0:0:0:1\t-
2023-08-15 01:22:55\t302\tGET /login/oauth2/code/google?state=cVcofkVKzNNw-UqV0thgWqdr_GiNhKEyZJlzsVxvPAQ%3D&code=4%2F0Adeu5BXCOgHKXbVe0NJVeCJCM3gBzRjx4nqHLk6YoKTeLie7vVRCiZWpnn_PAG_cbJEcdg&scope=email+profile+https%3A%2F%2Fwww.googleapis.com%2Fauth%2Fuserinfo.profile+https%3A%2F%2Fwww.googleapis.com%2Fauth%2Fuserinfo.email+openid&authuser=0&prompt=consent HTTP/1.1\tMozilla/5.0 (Macintosh; Intel Mac OS X 10_15_7) AppleWebKit/605.1.15 (KHTML, like Gecko) Version/16.6 Safari/605.1.15\t-\t0:0:0:0:0:0:0:1\t-
2023-08-15 01:23:03\t200\tGET /api/room?room_id=2 HTTP/1.1\tPostmanRuntime/7.32.2\t-\t0:0:0:0:0:0:0:1\t89
2023-08-15 01:23:28\t302\tGET /oauth2/authorization/google HTTP/1.1\tMozilla/5.0 (Macintosh; Intel Mac OS X 10_15_7) AppleWebKit/605.1.15 (KHTML, like Gecko) Version/16.6 Safari/605.1.15\t-\t0:0:0:0:0:0:0:1\t-
2023-08-15 01:23:31\t302\tGET /login/oauth2/code/google?state=lPRrc-JQ7MXzrc6lZ8zQWcd4ta_UFU0XNbX-PG8I_vk%3D&code=4%2F0Adeu5BWU_OxfnCRrJJ1rsaZgvIh__qBBI4qgidDTPVXge4IqPFuEj6g4Pj6RWMDR6vwX4g&scope=email+profile+https%3A%2F%2Fwww.googleapis.com%2Fauth%2Fuserinfo.profile+https%3A%2F%2Fwww.googleapis.com%2Fauth%2Fuserinfo.email+openid&authuser=0&prompt=consent HTTP/1.1\tMozilla/5.0 (Macintosh; Intel Mac OS X 10_15_7) AppleWebKit/605.1.15 (KHTML, like Gecko) Version/16.6 Safari/605.1.15\t-\t0:0:0:0:0:0:0:1\t-
2023-08-15 01:23:37\t200\tGET /api/room?room_id=2 HTTP/1.1\tPostmanRuntime/7.32.2\t-\t0:0:0:0:0:0:0:1\t89
2023-08-15 01:25:48\t302\tGET /oauth2/authorization/google HTTP/1.1\tMozilla/5.0 (Macintosh; Intel Mac OS X 10_15_7) AppleWebKit/605.1.15 (KHTML, like Gecko) Version/16.6 Safari/605.1.15\t-\t0:0:0:0:0:0:0:1\t-
2023-08-15 01:25:51\t302\tGET /login/oauth2/code/google?state=v3r3aBWTvDA0eJrtoaNOSin0JzKnl8LjBZ7MUBXv7uI%3D&code=4%2F0Adeu5BWdLZpLlGWPdPavwziwXRCx6nD5_m3RIDhMn35H5LdiiKA0v7XJIKLrnasKe5KdrA&scope=email+profile+https%3A%2F%2Fwww.googleapis.com%2Fauth%2Fuserinfo.profile+https%3A%2F%2Fwww.googleapis.com%2Fauth%2Fuserinfo.email+openid&authuser=0&prompt=consent HTTP/1.1\tMozilla/5.0 (Macintosh; Intel Mac OS X 10_15_7) AppleWebKit/605.1.15 (KHTML, like Gecko) Version/16.6 Safari/605.1.15\t-\t0:0:0:0:0:0:0:1\t-
2023-08-15 01:26:00\t200\tGET /api/room?room_id=2 HTTP/1.1\tPostmanRuntime/7.32.2\t-\t0:0:0:0:0:0:0:1\t89
2023-08-15 01:29:20\t302\tGET /oauth2/authorization/google HTTP/1.1\tMozilla/5.0 (Macintosh; Intel Mac OS X 10_15_7) AppleWebKit/605.1.15 (KHTML, like Gecko) Version/16.6 Safari/605.1.15\t-\t0:0:0:0:0:0:0:1\t-
2023-08-15 01:29:23\t302\tGET /login/oauth2/code/google?state=wcfuGtfLJbZJ6AWQ-ivQKkA6FE_0vV4vA_4LpE3r-4M%3D&code=4%2F0Adeu5BVHvbGiaX0eC68Y9qlbLI3xqGKaL3lNykd4VS_aG3zzBH2i_gEJoazRz5-i52ismA&scope=email+profile+https%3A%2F%2Fwww.googleapis.com%2Fauth%2Fuserinfo.profile+https%3A%2F%2Fwww.googleapis.com%2Fauth%2Fuserinfo.email+openid&authuser=0&prompt=consent HTTP/1.1\tMozilla/5.0 (Macintosh; Intel Mac OS X 10_15_7) AppleWebKit/605.1.15 (KHTML, like Gecko) Version/16.6 Safari/605.1.15\t-\t0:0:0:0:0:0:0:1\t-
2023-08-15 01:29:29\t200\tGET /api/room?room_id=2 HTTP/1.1\tPostmanRuntime/7.32.2\t-\t0:0:0:0:0:0:0:1\t89
2023-08-15 01:43:10\t302\tGET /oauth2/authorization/google HTTP/1.1\tMozilla/5.0 (Macintosh; Intel Mac OS X 10_15_7) AppleWebKit/605.1.15 (KHTML, like Gecko) Version/16.6 Safari/605.1.15\t-\t0:0:0:0:0:0:0:1\t-
2023-08-15 01:43:13\t302\tGET /login/oauth2/code/google?state=DY8Hz9SpBntZPq25aN1uqcmBjdM9XihICPHWREks3wI%3D&code=4%2F0Adeu5BUCf1yka__TuSN0EMy2thhsbDYVPDkOn-8hhiaxaAtNxIE7uwabnC3LrCgGpB2TYw&scope=email+profile+https%3A%2F%2Fwww.googleapis.com%2Fauth%2Fuserinfo.profile+https%3A%2F%2Fwww.googleapis.com%2Fauth%2Fuserinfo.email+openid&authuser=0&prompt=consent HTTP/1.1\tMozilla/5.0 (Macintosh; Intel Mac OS X 10_15_7) AppleWebKit/605.1.15 (KHTML, like Gecko) Version/16.6 Safari/605.1.15\t-\t0:0:0:0:0:0:0:1\t-
2023-08-15 01:43:22\t200\tGET /api/room?room_id=2 HTTP/1.1\tPostmanRuntime/7.32.2\t-\t0:0:0:0:0:0:0:1\t89
2023-08-15 01:43:39\t200\tGET /api/room?room_id=2 HTTP/1.1\tPostmanRuntime/7.32.2\t-\t0:0:0:0:0:0:0:1\t89
2023-08-15 01:49:55\t302\tGET /oauth2/authorization/google HTTP/1.1\tMozilla/5.0 (Macintosh; Intel Mac OS X 10_15_7) AppleWebKit/605.1.15 (KHTML, like Gecko) Version/16.6 Safari/605.1.15\t-\t0:0:0:0:0:0:0:1\t-
2023-08-15 01:49:58\t302\tGET /login/oauth2/code/google?state=LE_V0UIByNYOzNScDfr2cYsGF02HKqV4REtt8eYlZAg%3D&code=4%2F0Adeu5BXhnqL3JMZ6RlvtE9Sqdt-r-72TXlPPojhzltWLTSdjNj2igdn1zvWUV5ARpsblgQ&scope=email+profile+https%3A%2F%2Fwww.googleapis.com%2Fauth%2Fuserinfo.profile+https%3A%2F%2Fwww.googleapis.com%2Fauth%2Fuserinfo.email+openid&authuser=0&prompt=consent HTTP/1.1\tMozilla/5.0 (Macintosh; Intel Mac OS X 10_15_7) AppleWebKit/605.1.15 (KHTML, like Gecko) Version/16.6 Safari/605.1.15\t-\t0:0:0:0:0:0:0:1\t-
2023-08-15 01:50:07\t200\tGET /api/room?room_id=2 HTTP/1.1\tPostmanRuntime/7.32.2\t-\t0:0:0:0:0:0:0:1\t89
2023-08-15 01:58:36\t302\tGET /oauth2/authorization/google HTTP/1.1\tMozilla/5.0 (Macintosh; Intel Mac OS X 10_15_7) AppleWebKit/605.1.15 (KHTML, like Gecko) Version/16.6 Safari/605.1.15\t-\t0:0:0:0:0:0:0:1\t-
2023-08-15 01:58:39\t302\tGET /login/oauth2/code/google?state=OgsQi0mHoLSmDUODesdhIlbIcNY2iH4tPDv7_-q4x1k%3D&code=4%2F0Adeu5BWLEAjc8Kw41ycNvGBGBQZj5I8AUIeK_L3-l1zxNjyM1eGdvb7S0gokIcA_fvDkGQ&scope=email+profile+https%3A%2F%2Fwww.googleapis.com%2Fauth%2Fuserinfo.profile+https%3A%2F%2Fwww.googleapis.com%2Fauth%2Fuserinfo.email+openid&authuser=0&prompt=consent HTTP/1.1\tMozilla/5.0 (Macintosh; Intel Mac OS X 10_15_7) AppleWebKit/605.1.15 (KHTML, like Gecko) Version/16.6 Safari/605.1.15\t-\t0:0:0:0:0:0:0:1\t-
2023-08-15 01:58:49\t200\tGET /api/room?room_id=2 HTTP/1.1\tPostmanRuntime/7.32.2\t-\t0:0:0:0:0:0:0:1\t89
2023-08-15 02:20:02\t302\tGET /oauth2/authorization/google HTTP/1.1\tMozilla/5.0 (Macintosh; Intel Mac OS X 10_15_7) AppleWebKit/605.1.15 (KHTML, like Gecko) Version/16.6 Safari/605.1.15\t-\t0:0:0:0:0:0:0:1\t-
2023-08-15 02:20:04\t302\tGET /login/oauth2/code/google?state=y4pEqdcdhulfTAEYgKw5nk1tmZuGrHC4GjaIe8jPv3w%3D&code=4%2F0Adeu5BVkg-jItufK-rcclXArtZYNFWOVEINampZXuw-cSAKIABUzrYq_DeU6LRAMQY-_0A&scope=email+profile+https%3A%2F%2Fwww.googleapis.com%2Fauth%2Fuserinfo.profile+https%3A%2F%2Fwww.googleapis.com%2Fauth%2Fuserinfo.email+openid&authuser=0&prompt=consent HTTP/1.1\tMozilla/5.0 (Macintosh; Intel Mac OS X 10_15_7) AppleWebKit/605.1.15 (KHTML, like Gecko) Version/16.6 Safari/605.1.15\t-\t0:0:0:0:0:0:0:1\t-
2023-08-15 02:20:15\t200\tGET /api/room?room_id=2 HTTP/1.1\tPostmanRuntime/7.32.2\t-\t0:0:0:0:0:0:0:1\t89
